<?xml version="1.0" encoding="UTF-8"?>
<!-- Generated by org.testng.reporters.JUnitXMLReporter -->
<testsuite ignored="0" hostname="Asplap1254" failures="0" tests="3" name="Default test" time="0.073" errors="0" timestamp="2024-03-07T19:44:47 IST">
  <testcase classname="Aspire.Sportlink.App" name="demo" time="0.007"/>
  <testcase classname="Aspire.Sportlink.App" name="demo1" time="0.002"/>
  <testcase classname="Aspire.Sportlink.App" name="demo2" time="0.003"/>
</testsuite> <!-- Default test -->
