<?xml version="1.0" encoding="UTF-8"?>
<!-- Generated by org.testng.reporters.JUnitXMLReporter -->
<testsuite ignored="0" hostname="Asplap1254" failures="0" tests="3" name="HomeLoan" time="0.01" errors="0" timestamp="2024-02-28T15:41:55 IST">
  <testcase classname="Aspire.Sportlink.LastT3" name="school4" time="0.001"/>
  <testcase classname="Aspire.Sportlink.LastT3" name="school5" time="0.002"/>
  <testcase classname="Aspire.Sportlink.LastT3" name="school6" time="0.001"/>
</testsuite> <!-- HomeLoan -->
