<?xml version="1.0" encoding="UTF-8"?>
<testng-results ignored="0" total="3" passed="3" failed="0" skipped="0">
  <reporter-output>
  </reporter-output>
  <suite started-at="2024-03-07T19:47:38 IST" name="Suite" finished-at="2024-03-07T19:47:38 IST" duration-ms="93">
    <groups>
    </groups>
    <test started-at="2024-03-07T19:47:38 IST" name="CarLoan" finished-at="2024-03-07T19:47:38 IST" duration-ms="93">
      <class name="Aspire.Sportlink.App">
        <test-method signature="demo()[pri:0, instance:Aspire.Sportlink.App@1ed4ae0f]" started-at="2024-03-07T19:47:38 IST" name="demo" finished-at="2024-03-07T19:47:38 IST" duration-ms="11" status="PASS">
          <reporter-output>
          </reporter-output>
        </test-method> <!-- demo -->
        <test-method signature="demo1()[pri:0, instance:Aspire.Sportlink.App@1ed4ae0f]" started-at="2024-03-07T19:47:38 IST" name="demo1" finished-at="2024-03-07T19:47:38 IST" duration-ms="2" status="PASS">
          <reporter-output>
          </reporter-output>
        </test-method> <!-- demo1 -->
        <test-method signature="demo2()[pri:0, instance:Aspire.Sportlink.App@1ed4ae0f]" started-at="2024-03-07T19:47:38 IST" name="demo2" finished-at="2024-03-07T19:47:38 IST" duration-ms="2" status="PASS">
          <reporter-output>
          </reporter-output>
        </test-method> <!-- demo2 -->
      </class> <!-- Aspire.Sportlink.App -->
    </test> <!-- CarLoan -->
  </suite> <!-- Suite -->
</testng-results>
